<?xml version="1.0" encoding="UTF-8"?><testrun name="Runnerclass (1)" project="cucumbertest" tests="1" started="1" failures="0" errors="1" ignored="0">
  <testsuite name="Runner.Runnerclass" time="47.92">
    <testsuite name="Title of your feature" time="47.92">
      <testcase name="Login and perform actions" classname="Title of your feature" time="47.92">
        <error>io.cucumber.java.PendingException: TODO: implement me&#13;
	at Stepdefinition.orangehrm.i_login_with_username_and_password(orangehrm.java:49)&#13;
	at âœ½.I login with username and password(file:///C:/Users/aravindhl/eclipse-workspace/cucumbertest/src/test/resources/Feature/orangehrm.feature:26)&#13;
&#13;
</error>
      </testcase>
    </testsuite>
  </testsuite>
</testrun>
