<?xml version="1.0" encoding="UTF-8"?>
<testng-results ignored="1" total="3" passed="2" failed="0" skipped="0">
  <reporter-output>
  </reporter-output>
  <suite started-at="2024-08-22T06:34:17 IST" name="Mytestsuite" finished-at="2024-08-22T06:34:17 IST" duration-ms="38">
    <groups>
    </groups>
    <test started-at="2024-08-22T06:34:17 IST" name="example" finished-at="2024-08-22T06:34:17 IST" duration-ms="38">
      <class name="testng.sample">
        <test-method signature="third()[pri:-1, instance:testng.sample@1de76cc7]" started-at="2024-08-22T06:34:17 IST" name="third" finished-at="2024-08-22T06:34:17 IST" duration-ms="10" status="PASS">
          <reporter-output>
          </reporter-output>
        </test-method> <!-- third -->
        <test-method signature="first()[pri:0, instance:testng.sample@1de76cc7]" started-at="2024-08-22T06:34:17 IST" name="first" finished-at="2024-08-22T06:34:17 IST" duration-ms="1" status="PASS">
          <reporter-output>
          </reporter-output>
        </test-method> <!-- first -->
      </class> <!-- testng.sample -->
    </test> <!-- example -->
  </suite> <!-- Mytestsuite -->
</testng-results>
