<?xml version="1.0" encoding="UTF-8"?>
<!-- Generated by org.testng.reporters.JUnitXMLReporter -->
<testsuite ignored="1" hostname="MAVCHN1121108" failures="0" tests="2" name="example" time="0.038" errors="0" timestamp="2024-08-22T06:34:17 IST">
  <testcase classname="testng.sample" name="third" time="0.01"/>
  <testcase classname="testng.sample" name="first" time="0.001"/>
  <testcase classname="testng.sample" name="second" time="0.0">
    <ignored/>
  </testcase> <!-- second -->
</testsuite> <!-- example -->
