<?xml version="1.0" encoding="UTF-8"?>
<!-- Generated by org.testng.reporters.JUnitXMLReporter -->
<testsuite ignored="4" hostname="MAVCHN1121108" failures="0" tests="3" name="TryGroup" time="0.049" errors="0" timestamp="2024-08-21T13:17:37 IST">
  <testcase classname="testng.testsuite" name="firstsuite" time="0.016"/>
  <testcase classname="testng.Testgrouping" name="name1" time="0.0"/>
  <testcase classname="testng.Testgrouping" name="name2" time="0.002"/>
  <testcase classname="testng.testsuite" name="secondsuite" time="0.0">
    <ignored/>
  </testcase> <!-- secondsuite -->
  <testcase classname="testng.Testgrouping" name="group1" time="0.0">
    <ignored/>
  </testcase> <!-- group1 -->
  <testcase classname="testng.Testgrouping" name="group2" time="0.0">
    <ignored/>
  </testcase> <!-- group2 -->
  <testcase classname="testng.testsuite" name="thirdsuite" time="0.0">
    <ignored/>
  </testcase> <!-- thirdsuite -->
</testsuite> <!-- TryGroup -->
